<?xml version="1.0" encoding="UTF-8"?>
<testng-results skipped="0" failed="0" ignored="0" total="1" passed="1">
  <reporter-output>
  </reporter-output>
  <suite name="Command line suite" duration-ms="175378" started-at="2018-09-14T15:29:20Z" finished-at="2018-09-14T15:32:15Z">
    <groups>
    </groups>
    <test name="Command line test" duration-ms="175378" started-at="2018-09-14T15:29:20Z" finished-at="2018-09-14T15:32:15Z">
      <class name="Tests.LandingPageTest">
        <test-method status="PASS" signature="setUpAppium()[pri:0, instance:Tests.LandingPageTest@14bf9759]" name="setUpAppium" is-config="true" duration-ms="58746" started-at="2018-09-14T20:58:21Z" finished-at="2018-09-14T20:59:20Z">
          <reporter-output>
          </reporter-output>
        </test-method> <!-- setUpAppium -->
        <test-method status="PASS" signature="setUpPage()[pri:0, instance:Tests.LandingPageTest@14bf9759]" name="setUpPage" is-config="true" duration-ms="3501" started-at="2018-09-14T20:59:20Z" finished-at="2018-09-14T20:59:23Z">
          <reporter-output>
          </reporter-output>
        </test-method> <!-- setUpPage -->
        <test-method status="PASS" signature="launcherPage()[pri:1, instance:Tests.LandingPageTest@14bf9759]" name="launcherPage" duration-ms="171875" started-at="2018-09-14T20:59:23Z" finished-at="2018-09-14T21:02:15Z">
          <reporter-output>
          </reporter-output>
        </test-method> <!-- launcherPage -->
        <test-method status="PASS" signature="tearDownAppium()[pri:0, instance:Tests.LandingPageTest@14bf9759]" name="tearDownAppium" is-config="true" duration-ms="4980" started-at="2018-09-14T21:02:15Z" finished-at="2018-09-14T21:02:20Z">
          <reporter-output>
          </reporter-output>
        </test-method> <!-- tearDownAppium -->
      </class> <!-- Tests.LandingPageTest -->
    </test> <!-- Command line test -->
  </suite> <!-- Command line suite -->
</testng-results>
